

Processing ApplicationController#index (for 127.0.0.1 at 2010-06-02 11:56:17) [GET]

ActionController::RoutingError (No route matches "/site/help" with {:method=>:get}):
  

Rendering rescues/layout (not_found)


Processing ApplicationController#index (for 127.0.0.1 at 2010-06-02 15:40:16) [GET]

ActionController::RoutingError (No route matches "/site" with {:method=>:get}):
  

Rendering rescues/layout (not_found)


Processing ApplicationController#index (for 127.0.0.1 at 2010-06-02 15:40:26) [GET]

ActionController::RoutingError (No route matches "/site/about" with {:method=>:get}):
  

Rendering rescues/layout (not_found)


Processing ApplicationController#index (for 127.0.0.1 at 2010-06-02 15:47:55) [GET]

ActionController::RoutingError (No route matches "/lebensoldSpaces" with {:method=>:get}):
  

Rendering rescues/layout (not_found)


Processing ApplicationController#index (for 127.0.0.1 at 2010-06-02 15:48:23) [GET]

ActionController::RoutingError (No route matches "/site/about" with {:method=>:get}):
  

Rendering rescues/layout (not_found)


Processing ApplicationController#index (for 127.0.0.1 at 2010-06-02 15:48:29) [GET]

ActionController::RoutingError (No route matches "/site/index" with {:method=>:get}):
  

Rendering rescues/layout (not_found)


Processing ApplicationController#index (for 127.0.0.1 at 2010-06-02 15:48:41) [GET]

ActionController::RoutingError (No route matches "/lebensoldSpaces" with {:method=>:get}):
  

Rendering rescues/layout (not_found)


Processing Rails::InfoController#properties (for 127.0.0.1 at 2010-06-02 15:49:02) [GET]
  [4;36;1mSQL (0.4ms)[0m   [0;1m SELECT name
 FROM sqlite_master
 WHERE type = 'table' AND NOT name = 'sqlite_sequence'
[0m
Completed in 91ms (View: 4, DB: 0) | 200 OK [http://localhost/rails/info/properties]


Processing ApplicationController#index (for 127.0.0.1 at 2010-06-02 16:16:15) [GET]

ActionController::RoutingError (No route matches "/site/about" with {:method=>:get}):
  

Rendering rescues/layout (not_found)


Processing ApplicationController#index (for 127.0.0.1 at 2010-06-02 16:16:23) [GET]

ActionController::RoutingError (No route matches "/site" with {:method=>:get}):
  

Rendering rescues/layout (not_found)


Processing SiteController#index (for 127.0.0.1 at 2010-06-02 16:17:01) [GET]
Rendering template within layouts/site
Rendering site/index
Completed in 672ms (View: 671, DB: 0) | 200 OK [http://localhost/site]


Processing ApplicationController#index (for 127.0.0.1 at 2010-06-02 16:17:23) [GET]

ActionController::RoutingError (No route matches "/siite" with {:method=>:get}):
  

Rendering rescues/layout (not_found)


Processing SiteController#about (for 127.0.0.1 at 2010-06-02 16:17:35) [GET]
Rendering template within layouts/site
Rendering site/about
Completed in 7ms (View: 6, DB: 0) | 200 OK [http://localhost/site/about]


Processing SiteController#about (for 127.0.0.1 at 2010-06-02 16:20:08) [GET]
Rendering template within layouts/site
Rendering site/about
Completed in 3ms (View: 2, DB: 0) | 200 OK [http://localhost/site/about]


Processing ApplicationController#index (for 127.0.0.1 at 2010-06-02 16:28:03) [GET]

ActionController::RoutingError (No route matches "/index" with {:method=>:get}):
  

Rendering rescues/layout (not_found)


Processing SiteController#index (for 127.0.0.1 at 2010-06-02 16:28:30) [GET]
Rendering template within layouts/site
Rendering site/index
Completed in 24ms (View: 22, DB: 0) | 200 OK [http://localhost/]


Processing ApplicationController#index (for 127.0.0.1 at 2010-06-02 16:28:36) [GET]

ActionController::RoutingError (No route matches "/index" with {:method=>:get}):
  

Rendering rescues/layout (not_found)


Processing SiteController#index (for 127.0.0.1 at 2010-06-02 16:29:09) [GET]
Rendering template within layouts/site
Rendering site/index
Completed in 3ms (View: 2, DB: 0) | 200 OK [http://localhost/]


Processing SiteController#about (for 127.0.0.1 at 2010-06-02 16:29:12) [GET]
Rendering template within layouts/site
Rendering site/about
Completed in 7ms (View: 5, DB: 0) | 200 OK [http://localhost/site/about]


Processing SiteController#help (for 127.0.0.1 at 2010-06-02 16:29:15) [GET]
Rendering template within layouts/site
Rendering site/help
Completed in 7ms (View: 5, DB: 0) | 200 OK [http://localhost/site/help]


Processing SiteController#index (for 127.0.0.1 at 2010-06-02 16:29:20) [GET]
Rendering template within layouts/site
Rendering site/index
Completed in 3ms (View: 2, DB: 0) | 200 OK [http://localhost/site/index]
  [4;36;1mSQL (0.2ms)[0m   [0;1m SELECT name
 FROM sqlite_master
 WHERE type = 'table' AND NOT name = 'sqlite_sequence'
[0m
  [4;35;1mSQL (0.1ms)[0m   [0mselect sqlite_version(*)[0m
  [4;36;1mSQL (2.6ms)[0m   [0;1mCREATE TABLE "schema_migrations" ("version" varchar(255) NOT NULL) [0m
  [4;35;1mSQL (1.8ms)[0m   [0mCREATE UNIQUE INDEX "unique_schema_migrations" ON "schema_migrations" ("version")[0m
  [4;36;1mSQL (0.2ms)[0m   [0;1m SELECT name
 FROM sqlite_master
 WHERE type = 'table' AND NOT name = 'sqlite_sequence'
[0m
  [4;35;1mSQL (0.1ms)[0m   [0mSELECT version FROM schema_migrations[0m
Migrating to CreateUsers (20100602204334)
  [4;36;1mSQL (0.4ms)[0m   [0;1mCREATE TABLE "users" ("id" INTEGER PRIMARY KEY AUTOINCREMENT NOT NULL, "screen_name" varchar(255), "email" varchar(255), "password" varchar(255)) [0m
  [4;35;1mSQL (0.1ms)[0m   [0mINSERT INTO schema_migrations (version) VALUES ('20100602204334')[0m
  [4;36;1mSQL (0.5ms)[0m   [0;1m SELECT name
 FROM sqlite_master
 WHERE type = 'table' AND NOT name = 'sqlite_sequence'
[0m
  [4;35;1mSQL (0.1ms)[0m   [0mSELECT version FROM schema_migrations[0m
  [4;36;1mSQL (0.2ms)[0m   [0;1m SELECT name
 FROM sqlite_master
 WHERE type = 'table' AND NOT name = 'sqlite_sequence'
[0m
  [4;35;1mSQL (0.0ms)[0m   [0mPRAGMA index_list("users")[0m
  [4;36;1mUser Create (1.0ms)[0m   [0;1mINSERT INTO "users" ("password", "screen_name", "email") VALUES('a', 'me', '')[0m
  [4;36;1mSQL (0.5ms)[0m   [0;1m SELECT name
 FROM sqlite_master
 WHERE type = 'table' AND NOT name = 'sqlite_sequence'
[0m
  [4;35;1mSQL (0.3ms)[0m   [0mSELECT version FROM schema_migrations[0m
Migrating to CreateUsers (20100602204334)
Migrating to AddUserTimestamps (20100604174237)
  [4;36;1mSQL (0.1ms)[0m   [0;1mselect sqlite_version(*)[0m
  [4;35;1mSQL (15.7ms)[0m   [0mALTER TABLE "users" ADD "created_at" datetime[0m
  [4;36;1mSQL (0.2ms)[0m   [0;1mALTER TABLE "users" ADD "updated_at" datetime[0m
  [4;35;1mSQL (0.3ms)[0m   [0mINSERT INTO schema_migrations (version) VALUES ('20100604174237')[0m
  [4;36;1mSQL (0.3ms)[0m   [0;1m SELECT name
 FROM sqlite_master
 WHERE type = 'table' AND NOT name = 'sqlite_sequence'
[0m
  [4;35;1mSQL (0.1ms)[0m   [0mSELECT version FROM schema_migrations[0m
  [4;36;1mSQL (0.2ms)[0m   [0;1m SELECT name
 FROM sqlite_master
 WHERE type = 'table' AND NOT name = 'sqlite_sequence'
[0m
  [4;35;1mSQL (0.0ms)[0m   [0mPRAGMA index_list("users")[0m
  [4;36;1mUser Load (0.3ms)[0m   [0;1mSELECT "users".id FROM "users" WHERE ("users"."screen_name" = 'example') LIMIT 1[0m
  [4;35;1mUser Load (0.2ms)[0m   [0mSELECT "users".id FROM "users" WHERE ("users"."email" = 'exampple@example.com') LIMIT 1[0m
  [4;36;1mUser Create (20.8ms)[0m   [0;1mINSERT INTO "users" ("created_at", "updated_at", "password", "screen_name", "email") VALUES('2010-06-04 17:56:47', '2010-06-04 17:56:47', 'example', 'example', 'exampple@example.com')[0m
  [4;35;1mUser Load (9.8ms)[0m   [0mSELECT "users".id FROM "users" WHERE ("users"."screen_name" = 'example' AND "users".id <> 4) LIMIT 1[0m
  [4;36;1mUser Load (0.1ms)[0m   [0;1mSELECT "users".id FROM "users" WHERE ("users"."email" = 'exampple@example.com' AND "users".id <> 4) LIMIT 1[0m
  [4;35;1mUser Load (0.3ms)[0m   [0mSELECT "users".id FROM "users" WHERE ("users"."screen_name" = 'example' AND "users".id <> 4) LIMIT 1[0m
  [4;36;1mUser Load (0.1ms)[0m   [0;1mSELECT "users".id FROM "users" WHERE ("users"."email" = 'exampple@example.com' AND "users".id <> 4) LIMIT 1[0m


Processing SiteController#index (for 127.0.0.1 at 2010-06-04 15:11:26) [GET]
Rendering template within layouts/site
Rendering site/index
Completed in 62ms (View: 60, DB: 0) | 200 OK [http://127.0.0.1/]


Processing SiteController#about (for 127.0.0.1 at 2010-06-04 15:11:33) [GET]
Rendering template within layouts/site
Rendering site/about
Completed in 37ms (View: 36, DB: 0) | 200 OK [http://127.0.0.1/site/about]


Processing SiteController#register (for 127.0.0.1 at 2010-06-04 15:11:45) [GET]

ActionController::UnknownAction (No action responded to register. Actions: about, help, and index):
  

Rendering rescues/layout (not_found)


Processing UserController#index (for 127.0.0.1 at 2010-06-04 15:12:21) [GET]
Rendering user/index
Completed in 46ms (View: 45, DB: 0) | 200 OK [http://127.0.0.1/user]


Processing UserController#register (for 127.0.0.1 at 2010-06-04 15:12:27) [GET]
Rendering user/register
Completed in 121ms (View: 119, DB: 0) | 200 OK [http://127.0.0.1/user/register]


Processing UserController#register (for 127.0.0.1 at 2010-06-04 15:30:12) [GET]
Rendering user/register
Completed in 13ms (View: 12, DB: 0) | 200 OK [http://127.0.0.1/user/register]


Processing UserController#register (for 127.0.0.1 at 2010-06-04 15:30:25) [GET]
Rendering template within layouts/site
Rendering user/register
Completed in 5ms (View: 4, DB: 0) | 200 OK [http://127.0.0.1/user/register]


Processing UserController#register (for 127.0.0.1 at 2010-06-04 15:32:11) [GET]
Rendering template within layouts/site
Rendering user/register
Completed in 28ms (View: 26, DB: 0) | 200 OK [http://127.0.0.1/user/register]


Processing UserController#register (for 127.0.0.1 at 2010-06-04 15:32:15) [GET]
Rendering template within layouts/site
Rendering user/register
Completed in 6ms (View: 5, DB: 0) | 200 OK [http://127.0.0.1/user/register]


Processing UserController#register (for 127.0.0.1 at 2010-06-04 15:32:32) [GET]
Rendering template within layouts/site
Rendering user/register
Completed in 6ms (View: 4, DB: 0) | 200 OK [http://127.0.0.1/user/register]


Processing UserController#register (for 127.0.0.1 at 2010-06-04 15:33:02) [GET]
Rendering template within layouts/site
Rendering user/register
Completed in 5ms (View: 4, DB: 0) | 200 OK [http://127.0.0.1/user/register]


Processing UserController#register (for 127.0.0.1 at 2010-06-04 15:34:40) [GET]
Rendering template within layouts/site
Rendering user/register
Completed in 10ms (View: 8, DB: 0) | 200 OK [http://127.0.0.1/user/register]


Processing UserController#register (for 127.0.0.1 at 2010-06-04 15:37:52) [GET]

ActionView::MissingTemplate (Missing layout layouts/site.erb in view path app/views):
  

Rendering rescues/layout (internal_server_error)


Processing UserController#register (for 127.0.0.1 at 2010-06-04 15:38:30) [GET]
Rendering template within layouts/application
Rendering user/register
Completed in 9ms (View: 8, DB: 0) | 200 OK [http://127.0.0.1/user/register]


Processing UserController#register (for 127.0.0.1 at 2010-06-04 15:56:16) [GET]
Rendering template within layouts/application
Rendering user/register
Completed in 25ms (View: 23, DB: 0) | 200 OK [http://127.0.0.1/user/register]


Processing UserController#register (for 127.0.0.1 at 2010-06-04 15:59:46) [GET]
Rendering template within layouts/application
Rendering user/register
Completed in 9ms (View: 7, DB: 0) | 200 OK [http://127.0.0.1/user/register]


Processing UserController#register (for 127.0.0.1 at 2010-06-04 16:09:06) [GET]
Rendering template within layouts/application
Rendering user/register
Completed in 13ms (View: 12, DB: 0) | 200 OK [http://127.0.0.1/user/register]


Processing UserController#register (for 127.0.0.1 at 2010-06-04 16:13:23) [GET]
Rendering template within layouts/application
Rendering user/register
Completed in 12ms (View: 10, DB: 0) | 200 OK [http://127.0.0.1/user/register]


Processing UserController#register (for 127.0.0.1 at 2010-06-04 16:13:43) [POST]
  Parameters: {"commit"=>"Register!", "authenticity_token"=>"fEhq3qTieCz6FhDmZkzKh8YS7kUDS5uNT2IwUqsNZSM=", "user"=>{"password"=>"bar", "email"=>"foo@bar", "screen_name"=>"foo"}}
Rendering template within layouts/application
Rendering user/register
Completed in 61ms (View: 59, DB: 0) | 200 OK [http://127.0.0.1/user/register]


Processing UserController#register (for 127.0.0.1 at 2010-06-04 16:14:12) [POST]
  Parameters: {"commit"=>"Register!", "authenticity_token"=>"fEhq3qTieCz6FhDmZkzKh8YS7kUDS5uNT2IwUqsNZSM=", "user"=>{"password"=>"", "email"=>"", "screen_name"=>"help"}}
Rendering template within layouts/application
Rendering user/register
Completed in 9ms (View: 8, DB: 0) | 200 OK [http://127.0.0.1/user/register]


Processing UserController#register (for 127.0.0.1 at 2010-06-04 16:14:22) [POST]
  Parameters: {"commit"=>"Register!", "authenticity_token"=>"fEhq3qTieCz6FhDmZkzKh8YS7kUDS5uNT2IwUqsNZSM=", "user"=>{"password"=>"", "email"=>"", "screen_name"=>""}}
Rendering template within layouts/application
Rendering user/register
Completed in 9ms (View: 7, DB: 0) | 200 OK [http://127.0.0.1/user/register]


Processing UserController#register (for 127.0.0.1 at 2010-06-04 16:14:27) [POST]
  Parameters: {"commit"=>"Register!", "authenticity_token"=>"fEhq3qTieCz6FhDmZkzKh8YS7kUDS5uNT2IwUqsNZSM=", "user"=>{"password"=>"", "email"=>"", "screen_name"=>""}}
Rendering template within layouts/application
Rendering user/register
Completed in 9ms (View: 8, DB: 0) | 200 OK [http://127.0.0.1/user/register]


Processing UserController#register (for 127.0.0.1 at 2010-06-04 16:44:26) [POST]
  Parameters: {"commit"=>"Register!", "authenticity_token"=>"fEhq3qTieCz6FhDmZkzKh8YS7kUDS5uNT2IwUqsNZSM=", "user"=>{"password"=>"", "email"=>"", "screen_name"=>""}}
  [4;36;1mUser Load (0.5ms)[0m   [0;1mSELECT "users".id FROM "users" WHERE ("users"."screen_name" = '') LIMIT 1[0m
  [4;35;1mUser Load (0.1ms)[0m   [0mSELECT "users".id FROM "users" WHERE ("users"."email" = '') LIMIT 1[0m
Rendering template within layouts/application
Rendering user/register
Completed in 90ms (View: 81, DB: 1) | 200 OK [http://127.0.0.1/user/register]


Processing UserController#register (for 127.0.0.1 at 2010-06-04 16:44:29) [POST]
  Parameters: {"commit"=>"Register!", "authenticity_token"=>"fEhq3qTieCz6FhDmZkzKh8YS7kUDS5uNT2IwUqsNZSM=", "user"=>{"password"=>"", "email"=>"", "screen_name"=>""}}
  [4;36;1mUser Load (0.1ms)[0m   [0;1mSELECT "users".id FROM "users" WHERE ("users"."screen_name" = '') LIMIT 1[0m
  [4;35;1mUser Load (0.1ms)[0m   [0mSELECT "users".id FROM "users" WHERE ("users"."email" = '') LIMIT 1[0m
Rendering template within layouts/application
Rendering user/register
Completed in 17ms (View: 9, DB: 0) | 200 OK [http://127.0.0.1/user/register]


Processing UserController#register (for 127.0.0.1 at 2010-06-04 16:44:31) [POST]
  Parameters: {"commit"=>"Register!", "authenticity_token"=>"fEhq3qTieCz6FhDmZkzKh8YS7kUDS5uNT2IwUqsNZSM=", "user"=>{"password"=>"", "email"=>"", "screen_name"=>""}}
  [4;36;1mUser Load (0.1ms)[0m   [0;1mSELECT "users".id FROM "users" WHERE ("users"."screen_name" = '') LIMIT 1[0m
  [4;35;1mUser Load (0.1ms)[0m   [0mSELECT "users".id FROM "users" WHERE ("users"."email" = '') LIMIT 1[0m
Rendering template within layouts/application
Rendering user/register
Completed in 15ms (View: 8, DB: 0) | 200 OK [http://127.0.0.1/user/register]


Processing UserController#register (for 127.0.0.1 at 2010-06-04 16:52:30) [POST]
  Parameters: {"commit"=>"Register!", "authenticity_token"=>"fEhq3qTieCz6FhDmZkzKh8YS7kUDS5uNT2IwUqsNZSM=", "user"=>{"password"=>"", "email"=>"", "screen_name"=>""}}
  [4;36;1mUser Load (0.1ms)[0m   [0;1mSELECT "users".id FROM "users" WHERE ("users"."screen_name" = '') LIMIT 1[0m
  [4;35;1mUser Load (0.1ms)[0m   [0mSELECT "users".id FROM "users" WHERE ("users"."email" = '') LIMIT 1[0m
Rendering template within layouts/application
Rendering user/register
Completed in 450ms (View: 441, DB: 0) | 200 OK [http://127.0.0.1/user/register]


Processing UserController#register (for 127.0.0.1 at 2010-06-04 16:53:05) [POST]
  Parameters: {"commit"=>"Register!", "authenticity_token"=>"fEhq3qTieCz6FhDmZkzKh8YS7kUDS5uNT2IwUqsNZSM=", "user"=>{"password"=>"okadpok", "email"=>"adfgslkjopoipi", "screen_name"=>"popopo"}}
  [4;36;1mUser Load (0.1ms)[0m   [0;1mSELECT "users".id FROM "users" WHERE ("users"."screen_name" = 'popopo') LIMIT 1[0m
  [4;35;1mUser Load (0.1ms)[0m   [0mSELECT "users".id FROM "users" WHERE ("users"."email" = 'adfgslkjopoipi') LIMIT 1[0m
Rendering template within layouts/application
Rendering user/register
Completed in 17ms (View: 9, DB: 0) | 200 OK [http://127.0.0.1/user/register]


Processing UserController#register (for 127.0.0.1 at 2010-06-04 16:54:25) [POST]
  Parameters: {"commit"=>"Register!", "authenticity_token"=>"fEhq3qTieCz6FhDmZkzKh8YS7kUDS5uNT2IwUqsNZSM=", "user"=>{"password"=>"okadpok", "email"=>"adfgslkjopoipi", "screen_name"=>"popopo"}}
  [4;36;1mUser Load (0.2ms)[0m   [0;1mSELECT "users".id FROM "users" WHERE ("users"."screen_name" = 'popopo') LIMIT 1[0m
  [4;35;1mUser Load (0.1ms)[0m   [0mSELECT "users".id FROM "users" WHERE ("users"."email" = 'adfgslkjopoipi') LIMIT 1[0m
Rendering template within layouts/application
Rendering user/register
Completed in 16ms (View: 9, DB: 0) | 200 OK [http://127.0.0.1/user/register]


Processing UserController#register (for 127.0.0.1 at 2010-06-04 16:54:37) [POST]
  Parameters: {"commit"=>"Register!", "authenticity_token"=>"fEhq3qTieCz6FhDmZkzKh8YS7kUDS5uNT2IwUqsNZSM=", "user"=>{"password"=>"", "email"=>"adfgslkjopoipi", "screen_name"=>""}}
  [4;36;1mUser Load (0.3ms)[0m   [0;1mSELECT "users".id FROM "users" WHERE ("users"."screen_name" = '') LIMIT 1[0m
  [4;35;1mUser Load (0.1ms)[0m   [0mSELECT "users".id FROM "users" WHERE ("users"."email" = 'adfgslkjopoipi') LIMIT 1[0m
Rendering template within layouts/application
Rendering user/register
Completed in 70ms (View: 11, DB: 0) | 200 OK [http://127.0.0.1/user/register]


Processing UserController#register (for 127.0.0.1 at 2010-06-04 16:56:32) [POST]
  Parameters: {"commit"=>"Register!", "authenticity_token"=>"fEhq3qTieCz6FhDmZkzKh8YS7kUDS5uNT2IwUqsNZSM=", "user"=>{"password"=>"", "email"=>"adfgslkjopoipi", "screen_name"=>""}}
  [4;36;1mUser Load (0.1ms)[0m   [0;1mSELECT "users".id FROM "users" WHERE ("users"."screen_name" = '') LIMIT 1[0m
  [4;35;1mUser Load (0.1ms)[0m   [0mSELECT "users".id FROM "users" WHERE ("users"."email" = 'adfgslkjopoipi') LIMIT 1[0m
Rendering template within layouts/application
Rendering user/register
Completed in 24ms (View: 16, DB: 0) | 200 OK [http://127.0.0.1/user/register]


Processing UserController#register (for 127.0.0.1 at 2010-06-04 16:59:00) [POST]
  Parameters: {"commit"=>"Register!", "authenticity_token"=>"fEhq3qTieCz6FhDmZkzKh8YS7kUDS5uNT2IwUqsNZSM=", "user"=>{"password"=>"Bar", "email"=>"adfgslkjopoipi@b.com", "screen_name"=>"Foobar"}}
  [4;36;1mUser Load (0.1ms)[0m   [0;1mSELECT "users".id FROM "users" WHERE ("users"."screen_name" = 'Foobar') LIMIT 1[0m
  [4;35;1mUser Load (0.1ms)[0m   [0mSELECT "users".id FROM "users" WHERE ("users"."email" = 'adfgslkjopoipi@b.com') LIMIT 1[0m
Rendering template within layouts/application
Rendering user/register
Completed in 16ms (View: 8, DB: 0) | 200 OK [http://127.0.0.1/user/register]


Processing UserController#register (for 127.0.0.1 at 2010-06-04 16:59:08) [POST]
  Parameters: {"commit"=>"Register!", "authenticity_token"=>"fEhq3qTieCz6FhDmZkzKh8YS7kUDS5uNT2IwUqsNZSM=", "user"=>{"password"=>"foobar", "email"=>"adfgslkjopoipi@b.com", "screen_name"=>"Foobar"}}
  [4;36;1mUser Load (0.1ms)[0m   [0;1mSELECT "users".id FROM "users" WHERE ("users"."screen_name" = 'Foobar') LIMIT 1[0m
  [4;35;1mUser Load (0.1ms)[0m   [0mSELECT "users".id FROM "users" WHERE ("users"."email" = 'adfgslkjopoipi@b.com') LIMIT 1[0m
  [4;36;1mUser Create (32.8ms)[0m   [0;1mINSERT INTO "users" ("created_at", "updated_at", "password", "screen_name", "email") VALUES('2010-06-04 20:59:08', '2010-06-04 20:59:08', 'foobar', 'Foobar', 'adfgslkjopoipi@b.com')[0m
Completed in 54ms (View: 1, DB: 33) | 200 OK [http://127.0.0.1/user/register]


Processing UserController#register (for 127.0.0.1 at 2010-06-04 17:05:26) [POST]
  Parameters: {"commit"=>"Register!", "authenticity_token"=>"fEhq3qTieCz6FhDmZkzKh8YS7kUDS5uNT2IwUqsNZSM=", "user"=>{"password"=>"Barasd", "email"=>"adfgslkjopoipi@b.com", "screen_name"=>"Foobar"}}
  [4;35;1mUser Load (0.2ms)[0m   [0mSELECT "users".id FROM "users" WHERE ("users"."screen_name" = 'Foobar') LIMIT 1[0m
  [4;36;1mUser Load (0.1ms)[0m   [0;1mSELECT "users".id FROM "users" WHERE ("users"."email" = 'adfgslkjopoipi@b.com') LIMIT 1[0m
Rendering template within layouts/application
Rendering user/register
Completed in 21ms (View: 14, DB: 0) | 200 OK [http://127.0.0.1/user/register]


Processing UserController#register (for 127.0.0.1 at 2010-06-04 17:05:45) [POST]
  Parameters: {"commit"=>"Register!", "authenticity_token"=>"fEhq3qTieCz6FhDmZkzKh8YS7kUDS5uNT2IwUqsNZSM=", "user"=>{"password"=>"Barasd", "email"=>"a@b.com", "screen_name"=>"barfoo"}}
  [4;35;1mUser Load (0.1ms)[0m   [0mSELECT "users".id FROM "users" WHERE ("users"."screen_name" = 'barfoo') LIMIT 1[0m
  [4;36;1mUser Load (0.1ms)[0m   [0;1mSELECT "users".id FROM "users" WHERE ("users"."email" = 'a@b.com') LIMIT 1[0m
  [4;35;1mUser Create (0.3ms)[0m   [0mINSERT INTO "users" ("created_at", "updated_at", "password", "screen_name", "email") VALUES('2010-06-04 21:05:45', '2010-06-04 21:05:45', 'Barasd', 'barfoo', 'a@b.com')[0m
Completed in 23ms (View: 1, DB: 1) | 200 OK [http://127.0.0.1/user/register]


Processing UserController#register (for 127.0.0.1 at 2010-06-04 17:08:09) [POST]
  Parameters: {"commit"=>"Register!", "authenticity_token"=>"fEhq3qTieCz6FhDmZkzKh8YS7kUDS5uNT2IwUqsNZSM=", "user"=>{"password"=>"Barasd", "email"=>"a@b.com", "screen_name"=>"barfoo"}}
  [4;36;1mUser Load (0.3ms)[0m   [0;1mSELECT "users".id FROM "users" WHERE ("users"."screen_name" = 'barfoo') LIMIT 1[0m
  [4;35;1mUser Load (0.1ms)[0m   [0mSELECT "users".id FROM "users" WHERE ("users"."email" = 'a@b.com') LIMIT 1[0m
Rendering template within layouts/application
Rendering user/register
Completed in 19ms (View: 10, DB: 0) | 200 OK [http://127.0.0.1/user/register]


Processing UserController#register (for 127.0.0.1 at 2010-06-04 17:08:28) [POST]
  Parameters: {"commit"=>"Register!", "authenticity_token"=>"fEhq3qTieCz6FhDmZkzKh8YS7kUDS5uNT2IwUqsNZSM=", "user"=>{"password"=>"Barasd", "email"=>"b@b.com", "screen_name"=>"barfoobar"}}
  [4;36;1mUser Load (0.1ms)[0m   [0;1mSELECT "users".id FROM "users" WHERE ("users"."screen_name" = 'barfoobar') LIMIT 1[0m
  [4;35;1mUser Load (0.1ms)[0m   [0mSELECT "users".id FROM "users" WHERE ("users"."email" = 'b@b.com') LIMIT 1[0m
  [4;36;1mUser Create (6.6ms)[0m   [0;1mINSERT INTO "users" ("created_at", "updated_at", "password", "screen_name", "email") VALUES('2010-06-04 21:08:28', '2010-06-04 21:08:28', 'Barasd', 'barfoobar', 'b@b.com')[0m
Redirected to http://127.0.0.1:3000/user
Completed in 38ms (DB: 7) | 302 Found [http://127.0.0.1/user/register]


Processing UserController#index (for 127.0.0.1 at 2010-06-04 17:08:28) [GET]
Rendering template within layouts/application
Rendering user/index
Completed in 4ms (View: 3, DB: 0) | 200 OK [http://127.0.0.1/user]


Processing UserController#register (for 127.0.0.1 at 2010-06-04 17:13:59) [POST]
  Parameters: {"commit"=>"Register!", "authenticity_token"=>"fEhq3qTieCz6FhDmZkzKh8YS7kUDS5uNT2IwUqsNZSM=", "user"=>{"password"=>"Barasd", "email"=>"c@b.com", "screen_name"=>"barfoob"}}
  [4;35;1mUser Load (0.1ms)[0m   [0mSELECT "users".id FROM "users" WHERE ("users"."screen_name" = 'barfoob') LIMIT 1[0m
  [4;36;1mUser Load (0.1ms)[0m   [0;1mSELECT "users".id FROM "users" WHERE ("users"."email" = 'c@b.com') LIMIT 1[0m
  [4;35;1mUser Create (0.3ms)[0m   [0mINSERT INTO "users" ("created_at", "updated_at", "password", "screen_name", "email") VALUES('2010-06-04 21:13:59', '2010-06-04 21:13:59', 'Barasd', 'barfoob', 'c@b.com')[0m
Redirected to http://127.0.0.1:3000/user
Completed in 21ms (DB: 1) | 302 Found [http://127.0.0.1/user/register]


Processing UserController#index (for 127.0.0.1 at 2010-06-04 17:13:59) [GET]
Rendering template within layouts/application
Rendering user/index
Completed in 7ms (View: 6, DB: 0) | 200 OK [http://127.0.0.1/user]
  [4;36;1mSQL (0.4ms)[0m   [0;1m SELECT name
 FROM sqlite_master
 WHERE type = 'table' AND NOT name = 'sqlite_sequence'
[0m
  [4;35;1mSQL (0.1ms)[0m   [0mSELECT version FROM schema_migrations[0m
  [4;36;1mSQL (0.1ms)[0m   [0;1m SELECT name
 FROM sqlite_master
 WHERE type = 'table' AND NOT name = 'sqlite_sequence'
[0m
  [4;35;1mSQL (0.1ms)[0m   [0mSELECT version FROM schema_migrations[0m
Migrating to AddUserTimestamps (20100604174237)
  [4;36;1mSQL (0.1ms)[0m   [0;1mselect sqlite_version(*)[0m
  [4;35;1mSQL (1.0ms)[0m   [0mCREATE TEMPORARY TABLE "altered_users" ("id" INTEGER PRIMARY KEY AUTOINCREMENT NOT NULL, "screen_name" varchar(255), "email" varchar(255), "password" varchar(255), "created_at" datetime, "updated_at" datetime) [0m
  [4;36;1mSQL (0.1ms)[0m   [0;1mPRAGMA index_list("users")[0m
  [4;35;1mSQL (0.7ms)[0m   [0mDROP TABLE "users"[0m
  [4;36;1mSQL (0.2ms)[0m   [0;1mCREATE TABLE "users" ("id" INTEGER PRIMARY KEY AUTOINCREMENT NOT NULL, "screen_name" varchar(255), "email" varchar(255), "password" varchar(255), "updated_at" datetime) [0m
  [4;35;1mSQL (0.0ms)[0m   [0mPRAGMA index_list("altered_users")[0m
  [4;36;1mSQL (0.4ms)[0m   [0;1mDROP TABLE "altered_users"[0m
  [4;35;1mSQL (0.2ms)[0m   [0mCREATE TEMPORARY TABLE "altered_users" ("id" INTEGER PRIMARY KEY AUTOINCREMENT NOT NULL, "screen_name" varchar(255), "email" varchar(255), "password" varchar(255), "updated_at" datetime) [0m
  [4;36;1mSQL (0.0ms)[0m   [0;1mPRAGMA index_list("users")[0m
  [4;35;1mSQL (0.3ms)[0m   [0mDROP TABLE "users"[0m
  [4;36;1mSQL (0.2ms)[0m   [0;1mCREATE TABLE "users" ("id" INTEGER PRIMARY KEY AUTOINCREMENT NOT NULL, "screen_name" varchar(255), "email" varchar(255), "password" varchar(255)) [0m
  [4;35;1mSQL (0.0ms)[0m   [0mPRAGMA index_list("altered_users")[0m
  [4;36;1mSQL (0.2ms)[0m   [0;1mDROP TABLE "altered_users"[0m
  [4;35;1mSQL (0.2ms)[0m   [0mDELETE FROM schema_migrations WHERE version = '20100604174237'[0m
Migrating to CreateUsers (20100602204334)
  [4;36;1mSQL (0.6ms)[0m   [0;1mDROP TABLE "users"[0m
  [4;35;1mSQL (0.1ms)[0m   [0mDELETE FROM schema_migrations WHERE version = '20100602204334'[0m
  [4;36;1mSQL (0.3ms)[0m   [0;1m SELECT name
 FROM sqlite_master
 WHERE type = 'table' AND NOT name = 'sqlite_sequence'
[0m
  [4;35;1mSQL (0.1ms)[0m   [0mSELECT version FROM schema_migrations[0m
  [4;36;1mSQL (0.1ms)[0m   [0;1m SELECT name
 FROM sqlite_master
 WHERE type = 'table' AND NOT name = 'sqlite_sequence'
[0m
  [4;36;1mSQL (0.4ms)[0m   [0;1m SELECT name
 FROM sqlite_master
 WHERE type = 'table' AND NOT name = 'sqlite_sequence'
[0m
  [4;35;1mSQL (0.1ms)[0m   [0mSELECT version FROM schema_migrations[0m
Migrating to CreateUsers (20100602204334)
  [4;36;1mSQL (0.1ms)[0m   [0;1mselect sqlite_version(*)[0m
  [4;35;1mSQL (0.5ms)[0m   [0mCREATE TABLE "users" ("id" INTEGER PRIMARY KEY AUTOINCREMENT NOT NULL, "screen_name" varchar(255), "email" varchar(255), "password" varchar(255)) [0m
  [4;36;1mSQL (0.1ms)[0m   [0;1mINSERT INTO schema_migrations (version) VALUES ('20100602204334')[0m
Migrating to AddUserTimestamps (20100604174237)
  [4;35;1mSQL (0.7ms)[0m   [0mALTER TABLE "users" ADD "created_at" datetime[0m
  [4;36;1mSQL (0.3ms)[0m   [0;1mALTER TABLE "users" ADD "updated_at" datetime[0m
  [4;35;1mSQL (0.2ms)[0m   [0mINSERT INTO schema_migrations (version) VALUES ('20100604174237')[0m
  [4;36;1mSQL (0.3ms)[0m   [0;1m SELECT name
 FROM sqlite_master
 WHERE type = 'table' AND NOT name = 'sqlite_sequence'
[0m
  [4;35;1mSQL (0.1ms)[0m   [0mSELECT version FROM schema_migrations[0m
  [4;36;1mSQL (0.1ms)[0m   [0;1m SELECT name
 FROM sqlite_master
 WHERE type = 'table' AND NOT name = 'sqlite_sequence'
[0m
  [4;35;1mSQL (0.0ms)[0m   [0mPRAGMA index_list("users")[0m


Processing UserController#register (for 127.0.0.1 at 2010-06-04 17:29:40) [GET]
Rendering template within layouts/application
Rendering user/register
Completed in 66ms (View: 64, DB: 0) | 200 OK [http://127.0.0.1/user/register]


Processing UserController#register (for 127.0.0.1 at 2010-06-04 17:30:16) [POST]
  Parameters: {"commit"=>"Register!", "authenticity_token"=>"fEhq3qTieCz6FhDmZkzKh8YS7kUDS5uNT2IwUqsNZSM=", "user"=>{"password"=>"bazquux", "email"=>"foobar@example.com", "screen_name"=>"foobar"}}
  [4;36;1mUser Load (0.1ms)[0m   [0;1mSELECT "users".id FROM "users" WHERE ("users"."screen_name" = 'foobar') LIMIT 1[0m
  [4;35;1mUser Load (0.1ms)[0m   [0mSELECT "users".id FROM "users" WHERE ("users"."email" = 'foobar@example.com') LIMIT 1[0m
  [4;36;1mUser Create (0.3ms)[0m   [0;1mINSERT INTO "users" ("created_at", "updated_at", "password", "screen_name", "email") VALUES('2010-06-04 21:30:16', '2010-06-04 21:30:16', 'bazquux', 'foobar', 'foobar@example.com')[0m
Redirected to http://127.0.0.1:3000/user
Completed in 21ms (DB: 0) | 302 Found [http://127.0.0.1/user/register]


Processing UserController#index (for 127.0.0.1 at 2010-06-04 17:30:16) [GET]
Rendering template within layouts/application
Rendering user/index
Completed in 5ms (View: 3, DB: 0) | 200 OK [http://127.0.0.1/user]


Processing SiteController#index (for 127.0.0.1 at 2010-06-04 17:31:05) [GET]
Rendering template within layouts/application
Rendering site/index
Completed in 4ms (View: 3, DB: 0) | 200 OK [http://127.0.0.1/]


Processing SiteController#about (for 127.0.0.1 at 2010-06-04 17:31:07) [GET]
Rendering template within layouts/application
Rendering site/about
Completed in 4ms (View: 3, DB: 0) | 200 OK [http://127.0.0.1/site/about]


Processing SiteController#help (for 127.0.0.1 at 2010-06-04 17:31:09) [GET]
Rendering template within layouts/application
Rendering site/help
Completed in 36ms (View: 35, DB: 0) | 200 OK [http://127.0.0.1/site/help]


Processing UserController#register (for 127.0.0.1 at 2010-06-04 17:31:11) [GET]
Rendering template within layouts/application
Rendering user/register
Completed in 8ms (View: 7, DB: 0) | 200 OK [http://127.0.0.1/user/register]


Processing SiteController#index (for 127.0.0.1 at 2010-06-04 17:31:14) [GET]
Rendering template within layouts/application
Rendering site/index
Completed in 4ms (View: 3, DB: 0) | 200 OK [http://127.0.0.1/]


Processing ApplicationController#index (for 127.0.0.1 at 2010-06-04 17:33:05) [GET]

ActionController::RoutingError (No route matches "/doc/app" with {:method=>:get}):
  

Rendering rescues/layout (not_found)


Processing ApplicationController#index (for 127.0.0.1 at 2010-06-04 17:33:12) [GET]

ActionController::RoutingError (No route matches "/doc/app/index" with {:method=>:get}):
  

Rendering rescues/layout (not_found)


Processing SiteController#help (for 127.0.0.1 at 2010-06-04 17:33:50) [GET]
Rendering template within layouts/application
Rendering site/help
Completed in 4ms (View: 2, DB: 0) | 200 OK [http://localhost/site/help]


Processing ApplicationController#index (for 127.0.0.1 at 2010-06-04 17:34:27) [GET]

ActionController::RoutingError (No route matches "/site/doc/app/index.html" with {:method=>:get}):
  

Rendering rescues/layout (not_found)


Processing ApplicationController#index (for 127.0.0.1 at 2010-06-04 17:34:54) [GET]

ActionController::RoutingError (No route matches "/lebensold_space/doc/app/index.html" with {:method=>:get}):
  

Rendering rescues/layout (not_found)


Processing ApplicationController#index (for 127.0.0.1 at 2010-06-04 17:36:05) [GET]

ActionController::RoutingError (No route matches "/lebensold_space/doc/app/index.html" with {:method=>:get}):
  

Rendering rescues/layout (not_found)


Processing ApplicationController#index (for 127.0.0.1 at 2010-06-04 17:36:19) [GET]

ActionController::RoutingError (No route matches "/doc/app/index.html" with {:method=>:get}):
  

Rendering rescues/layout (not_found)


Processing ApplicationController#index (for 127.0.0.1 at 2010-06-04 17:36:28) [GET]

ActionController::RoutingError (No route matches "/site/doc/app/index.html" with {:method=>:get}):
  

Rendering rescues/layout (not_found)
